<?xml version="1.0" encoding="UTF-8"?>
<!-- Generated by org.testng.reporters.JUnitReportReporter -->
<testsuite hostname="YeruvaLa-LP" failures="0" tests="1" name="testng.Remo" time="0.002" errors="0" timestamp="2021-09-11T21:27:35 IST" skipped="0">
  <testcase classname="testng.Remo" name="remo" time="0.002"/>
  <system-out>
    <![CDATA[Remo]]>
  </system-out>
</testsuite> <!-- testng.Remo -->
