<?xml version="1.0" encoding="UTF-8"?>
<!-- Generated by org.testng.reporters.JUnitReportReporter -->
<testsuite hostname="YeruvaLa-LP" failures="0" tests="1" name="testng.Demo" time="0.009" errors="0" timestamp="2021-09-11T21:27:35 IST" skipped="0">
  <testcase classname="testng.Demo" name="demo" time="0.009"/>
  <system-out>
    <![CDATA[Demo]]>
  </system-out>
</testsuite> <!-- testng.Demo -->
