<?xml version="1.0" encoding="UTF-8"?>
<!-- Generated by org.testng.reporters.JUnitReportReporter -->
<testsuite hostname="YeruvaLa-LP" failures="0" tests="3" name="testng.FlagsofTestNG" time="0.007" errors="0" timestamp="2021-09-11T21:27:35 IST" skipped="1">
  <testcase classname="testng.FlagsofTestNG" name="run" time="0.006"/>
  <system-out>
    <![CDATA[Run method]]>
  </system-out>
  <testcase classname="testng.FlagsofTestNG" name="gun" time="0.001"/>
  <system-out>
    <![CDATA[Gun method]]>
  </system-out>
  <testcase classname="testng.FlagsofTestNG" name="bun">
    <skipped/>
  </testcase> <!-- bun -->
  <system-out/>
</testsuite> <!-- testng.FlagsofTestNG -->
